This is pdfTeX, Version 3.141592653-2.6-1.40.26 (TeX Live 2025/dev/Debian) (preloaded format=latex 2024.11.11)  7 APR 2025 17:26
entering extended mode
 restricted \write18 enabled.
 %&-line parsing enabled.
**tlp.ins
(./tlp.ins
LaTeX2e <2024-06-01> patch level 2
L3 programming layer <2024-05-27>
(/usr/share/texlive/texmf-dist/tex/latex/base/docstrip.tex
\blockLevel=\count194
\emptyLines=\count195
\processedLines=\count196
\commentsRemoved=\count197
\commentsPassed=\count198
\codeLinesPassed=\count199
\TotalprocessedLines=\count266
\TotalcommentsRemoved=\count267
\TotalcommentsPassed=\count268
\TotalcodeLinesPassed=\count269
\NumberOfFiles=\count270
\inFile=\read2
\inputcheck=\read3
\off@0=\count271
\off@1=\count272
\off@2=\count273
\off@3=\count274
\off@4=\count275
\off@5=\count276
\off@6=\count277
\off@7=\count278
\off@8=\count279
\off@9=\count280
\off@10=\count281
\off@11=\count282
\off@12=\count283
\off@13=\count284
\off@14=\count285
\off@15=\count286
\@maxfiles=\count287
\@maxoutfiles=\count288

Utility: `docstrip' v2.6b <2022-09-03>
English documentation    <2024-02-08>

**********************************************************
* This program converts documented macro-files into fast *
* loadable files by stripping off (nearly) all comments! *
**********************************************************

********************************************************
* No Configuration file found, using default settings. *
********************************************************

)

Generating file(s) ./tlp.sty 
\openout0 = `./tlp.sty'.


Processing file tlp.dtx (package) -> tlp.sty
% % % % % . % <*driver . > <*package . . > <*driver . . . . . . . . . > % % %
% % % % % % % % % % % % % % % % % % % % % % . . % % % % % . . . . . . . . . .
. . . . . . . . . . . . . . . . . % % % % % % % % % . . . . . . . . . . . . .
. . . . . . . . . . % % % % % % . . . . . . . . . . . % % %
Lines  processed: 136
Comments removed: 54
Comments  passed: 0
Codelines passed: 76

 ) 
Here is how much of TeX's memory you used:
 329 strings out of 475469
 3442 string characters out of 5774309
 1925902 words of memory out of 5000000
 23085 multiletter control sequences out of 15000+600000
 558069 words of font info for 36 fonts, out of 8000000 for 9000
 14 hyphenation exceptions out of 8191
 12i,0n,15p,108b,118s stack positions out of 10000i,1000n,20000p,200000b,200000s

No pages of output.
